<?xml version="1.0" encoding="UTF-8"?>
<!-- Generated by org.testng.reporters.JUnitReportReporter -->
<testsuite hostname="LAPTOP-24OJ7ITO" failures="0" tests="1" name="com.wright.ui.PlayWrightRunner_1" time="49.092" errors="0" timestamp="2023-08-28T13:03:29 IST" skipped="0">
  <testcase classname="com.wright.ui.PlayWrightRunner_1" name="testGetStarted" time="49.092"/>
</testsuite> <!-- com.wright.ui.PlayWrightRunner_1 -->
