<?xml version="1.0" encoding="UTF-8"?>
<!-- Generated by org.testng.reporters.JUnitReportReporter -->
<testsuite hostname="LAPTOP-24OJ7ITO" failures="0" tests="1" name="com.wright.ui.PlayWrightRunner_Test" time="15.365" errors="0" timestamp="2023-08-28T23:48:00 IST" skipped="0">
  <testcase classname="com.wright.ui.PlayWrightRunner_Test" name="testGetStarted" time="15.365"/>
</testsuite> <!-- com.wright.ui.PlayWrightRunner_Test -->
