<?xml version="1.0" encoding="UTF-8"?>
<!-- Generated by org.testng.reporters.JUnitReportReporter -->
<testsuite hostname="LAPTOP-24OJ7ITO" failures="0" tests="1" name="com.wright.ui.PlayWrightRunner_1" time="15.431" errors="0" timestamp="2023-08-29T13:39:56 IST" skipped="0">
  <testcase classname="com.wright.ui.PlayWrightRunner_1" name="testGetStarted" time="15.431"/>
</testsuite> <!-- com.wright.ui.PlayWrightRunner_1 -->
